<?xml version="1.0" encoding="UTF-8"?>
<!-- Generated by org.testng.reporters.JUnitReportReporter -->
<testsuite hostname="AKAPOOR7450" name="Retry.InterviewPrep" tests="1" failures="0" timestamp="30 Apr 2017 18:07:15 GMT" time="0.857" errors="0">
  <testcase name="RetryFailed" time="0.857" classname="Retry.InterviewPrep"/>
</testsuite> <!-- Retry.InterviewPrep -->
